0 info it worked if it ends with ok
1 verbose cli [ 'node', '/usr/local/bin/npm', 'install' ]
2 info using npm@2.5.1
3 info using node@v0.12.0
4 verbose install where, deps [ '/Users/alexthomas/EnglishClub',
4 verbose install   [ 'express',
4 verbose install     'morgan',
4 verbose install     'body-parser',
4 verbose install     'method-override',
4 verbose install     'serve-favicon',
4 verbose install     'cookie-parser',
4 verbose install     'express-session',
4 verbose install     'errorhandler',
4 verbose install     'compression',
4 verbose install     'lodash',
4 verbose install     'ejs',
4 verbose install     'mongoose',
4 verbose install     'composable-middleware',
4 verbose install     'connect-mongo',
4 verbose install     'grunt',
4 verbose install     'grunt-autoprefixer',
4 verbose install     'grunt-wiredep',
4 verbose install     'grunt-concurrent',
4 verbose install     'grunt-contrib-clean',
4 verbose install     'grunt-contrib-concat',
4 verbose install     'grunt-contrib-copy',
4 verbose install     'grunt-contrib-cssmin',
4 verbose install     'grunt-contrib-htmlmin',
4 verbose install     'grunt-contrib-imagemin',
4 verbose install     'grunt-contrib-jshint',
4 verbose install     'grunt-contrib-uglify',
4 verbose install     'grunt-contrib-watch',
4 verbose install     'grunt-google-cdn',
4 verbose install     'grunt-newer',
4 verbose install     'grunt-ng-annotate',
4 verbose install     'grunt-rev',
4 verbose install     'grunt-svgmin',
4 verbose install     'grunt-usemin',
4 verbose install     'grunt-env',
4 verbose install     'grunt-node-inspector',
4 verbose install     'grunt-nodemon',
4 verbose install     'grunt-angular-templates',
4 verbose install     'grunt-dom-munger',
4 verbose install     'grunt-protractor-runner',
4 verbose install     'grunt-asset-injector',
4 verbose install     'grunt-karma',
4 verbose install     'grunt-build-control',
4 verbose install     'grunt-mocha-test',
4 verbose install     'jit-grunt',
4 verbose install     'time-grunt',
4 verbose install     'grunt-express-server',
4 verbose install     'grunt-open',
4 verbose install     'open',
4 verbose install     'jshint-stylish',
4 verbose install     'connect-livereload',
4 verbose install     'karma-ng-scenario',
4 verbose install     'karma-firefox-launcher',
4 verbose install     'karma-script-launcher',
4 verbose install     'karma-html2js-preprocessor',
4 verbose install     'karma-ng-jade2js-preprocessor',
4 verbose install     'karma-jasmine',
4 verbose install     'karma-chrome-launcher',
4 verbose install     'requirejs',
4 verbose install     'karma-requirejs',
4 verbose install     'karma-coffee-preprocessor',
4 verbose install     'karma-jade-preprocessor',
4 verbose install     'karma-phantomjs-launcher',
4 verbose install     'karma',
4 verbose install     'karma-ng-html2js-preprocessor',
4 verbose install     'supertest',
4 verbose install     'should' ] ]
5 verbose install where, peers [ '/Users/alexthomas/EnglishClub', [] ]
6 info preinstall english-club@0.0.0
7 verbose already installed skipping grunt-svgmin@~0.4.0 /Users/alexthomas/EnglishClub
8 verbose already installed skipping grunt-usemin@~2.1.1 /Users/alexthomas/EnglishClub
9 verbose already installed skipping grunt-env@~0.4.1 /Users/alexthomas/EnglishClub
10 verbose already installed skipping grunt-node-inspector@~0.1.5 /Users/alexthomas/EnglishClub
11 verbose already installed skipping grunt-nodemon@~0.2.0 /Users/alexthomas/EnglishClub
12 verbose already installed skipping grunt-angular-templates@^0.5.4 /Users/alexthomas/EnglishClub
13 verbose already installed skipping grunt-dom-munger@^3.4.0 /Users/alexthomas/EnglishClub
14 verbose already installed skipping grunt-protractor-runner@^1.1.0 /Users/alexthomas/EnglishClub
15 verbose already installed skipping grunt-asset-injector@^0.1.0 /Users/alexthomas/EnglishClub
16 verbose already installed skipping grunt-karma@~0.8.2 /Users/alexthomas/EnglishClub
17 silly cache add args [ 'grunt-build-control@git+https://github.com/DaftMonk/grunt-build-control',
17 silly cache add   null ]
18 verbose cache add spec grunt-build-control@git+https://github.com/DaftMonk/grunt-build-control
19 verbose already installed skipping grunt-mocha-test@~0.10.2 /Users/alexthomas/EnglishClub
20 verbose already installed skipping jit-grunt@^0.5.0 /Users/alexthomas/EnglishClub
21 verbose already installed skipping time-grunt@~0.3.1 /Users/alexthomas/EnglishClub
22 verbose already installed skipping grunt-express-server@~0.4.17 /Users/alexthomas/EnglishClub
23 verbose already installed skipping grunt-open@~0.2.3 /Users/alexthomas/EnglishClub
24 verbose already installed skipping open@~0.0.4 /Users/alexthomas/EnglishClub
25 silly cache add parsed spec { raw: 'grunt-build-control@git+https://github.com/DaftMonk/grunt-build-control',
25 silly cache add   scope: null,
25 silly cache add   name: 'grunt-build-control',
25 silly cache add   rawSpec: 'git+https://github.com/DaftMonk/grunt-build-control',
25 silly cache add   spec: 'https://github.com/DaftMonk/grunt-build-control',
25 silly cache add   type: 'git' }
26 verbose addRemoteGit u="https://github.com/DaftMonk/grunt-build-control" silent=false
27 silly addRemoteGit normalized { url: 'https://github.com/DaftMonk/grunt-build-control',
27 silly addRemoteGit   branch: 'master' }
28 silly addRemoteGit v https-github-com-DaftMonk-grunt-build-control-7e4d577b
29 verbose addRemoteGit /Users/alexthomas/.npm/_git-remotes/https-github-com-DaftMonk-grunt-build-control-7e4d577b not in flight; cloning
30 verbose already installed skipping jshint-stylish@~0.1.5 /Users/alexthomas/EnglishClub
31 verbose already installed skipping connect-livereload@~0.4.0 /Users/alexthomas/EnglishClub
32 verbose already installed skipping karma-ng-scenario@~0.1.0 /Users/alexthomas/EnglishClub
33 verbose already installed skipping karma-firefox-launcher@~0.1.3 /Users/alexthomas/EnglishClub
34 verbose already installed skipping karma-script-launcher@~0.1.0 /Users/alexthomas/EnglishClub
35 verbose already installed skipping karma-html2js-preprocessor@~0.1.0 /Users/alexthomas/EnglishClub
36 info git [ 'config', '--get', 'remote.origin.url' ]
37 verbose already installed skipping karma-ng-jade2js-preprocessor@^0.1.2 /Users/alexthomas/EnglishClub
38 verbose already installed skipping karma-jasmine@~0.1.5 /Users/alexthomas/EnglishClub
39 verbose already installed skipping karma-chrome-launcher@~0.1.3 /Users/alexthomas/EnglishClub
40 verbose already installed skipping requirejs@~2.1.11 /Users/alexthomas/EnglishClub
41 verbose already installed skipping karma-requirejs@~0.2.1 /Users/alexthomas/EnglishClub
42 verbose already installed skipping karma-coffee-preprocessor@~0.2.1 /Users/alexthomas/EnglishClub
43 verbose already installed skipping karma-jade-preprocessor@0.0.11 /Users/alexthomas/EnglishClub
44 verbose already installed skipping karma-phantomjs-launcher@~0.1.4 /Users/alexthomas/EnglishClub
45 verbose already installed skipping karma@~0.12.9 /Users/alexthomas/EnglishClub
46 verbose already installed skipping karma-ng-html2js-preprocessor@~0.1.0 /Users/alexthomas/EnglishClub
47 verbose already installed skipping supertest@~0.11.0 /Users/alexthomas/EnglishClub
48 verbose already installed skipping should@~3.3.1 /Users/alexthomas/EnglishClub
49 verbose already installed skipping express@~4.0.0 /Users/alexthomas/EnglishClub
50 verbose already installed skipping morgan@~1.0.0 /Users/alexthomas/EnglishClub
51 verbose already installed skipping body-parser@~1.5.0 /Users/alexthomas/EnglishClub
52 verbose already installed skipping method-override@~1.0.0 /Users/alexthomas/EnglishClub
53 verbose already installed skipping serve-favicon@~2.0.1 /Users/alexthomas/EnglishClub
54 verbose already installed skipping cookie-parser@~1.0.1 /Users/alexthomas/EnglishClub
55 verbose already installed skipping express-session@~1.0.2 /Users/alexthomas/EnglishClub
56 verbose already installed skipping errorhandler@~1.0.0 /Users/alexthomas/EnglishClub
57 verbose already installed skipping compression@~1.0.1 /Users/alexthomas/EnglishClub
58 verbose already installed skipping lodash@~2.4.1 /Users/alexthomas/EnglishClub
59 verbose already installed skipping ejs@~0.8.4 /Users/alexthomas/EnglishClub
60 verbose already installed skipping mongoose@~3.8.8 /Users/alexthomas/EnglishClub
61 verbose already installed skipping composable-middleware@^0.3.0 /Users/alexthomas/EnglishClub
62 verbose already installed skipping connect-mongo@^0.4.1 /Users/alexthomas/EnglishClub
63 verbose already installed skipping grunt@~0.4.4 /Users/alexthomas/EnglishClub
64 verbose already installed skipping grunt-autoprefixer@~0.7.2 /Users/alexthomas/EnglishClub
65 verbose already installed skipping grunt-wiredep@~1.8.0 /Users/alexthomas/EnglishClub
66 verbose already installed skipping grunt-concurrent@~0.5.0 /Users/alexthomas/EnglishClub
67 verbose already installed skipping grunt-contrib-clean@~0.5.0 /Users/alexthomas/EnglishClub
68 verbose already installed skipping grunt-contrib-concat@~0.4.0 /Users/alexthomas/EnglishClub
69 verbose already installed skipping grunt-contrib-copy@~0.5.0 /Users/alexthomas/EnglishClub
70 verbose already installed skipping grunt-contrib-cssmin@~0.9.0 /Users/alexthomas/EnglishClub
71 verbose already installed skipping grunt-contrib-htmlmin@~0.2.0 /Users/alexthomas/EnglishClub
72 verbose already installed skipping grunt-contrib-imagemin@~0.7.1 /Users/alexthomas/EnglishClub
73 verbose already installed skipping grunt-contrib-jshint@~0.10.0 /Users/alexthomas/EnglishClub
74 verbose already installed skipping grunt-contrib-uglify@~0.4.0 /Users/alexthomas/EnglishClub
75 verbose already installed skipping grunt-contrib-watch@~0.6.1 /Users/alexthomas/EnglishClub
76 verbose already installed skipping grunt-google-cdn@~0.4.0 /Users/alexthomas/EnglishClub
77 verbose already installed skipping grunt-newer@~0.7.0 /Users/alexthomas/EnglishClub
78 verbose already installed skipping grunt-ng-annotate@^0.2.3 /Users/alexthomas/EnglishClub
79 verbose already installed skipping grunt-rev@~0.1.0 /Users/alexthomas/EnglishClub
80 verbose git remote.origin.url https://github.com/DaftMonk/grunt-build-control
81 info git [ 'fetch', '-a', 'origin' ]
82 verbose git fetch -a origin (https://github.com/DaftMonk/grunt-build-control)
83 info git [ 'rev-list', '-n1', 'master' ]
84 verbose git rev-list -n1 master 3d03ebbe49f8f963ef43c50af1084a15f56611fa
85 verbose resolved git url git+https://github.com/DaftMonk/grunt-build-control#3d03ebbe49f8f963ef43c50af1084a15f56611fa
86 info git [ 'clone',
86 info git   '/Users/alexthomas/.npm/_git-remotes/https-github-com-DaftMonk-grunt-build-control-7e4d577b',
86 info git   '/tmp/npm-1803-04fe39e9/git-cache-c0596477d991/3d03ebbe49f8f963ef43c50af1084a15f56611fa' ]
87 verbose git clone from /Users/alexthomas/.npm/_git-remotes/https-github-com-DaftMonk-grunt-build-control-7e4d577b
88 verbose git clone Cloning into '/tmp/npm-1803-04fe39e9/git-cache-c0596477d991/3d03ebbe49f8f963ef43c50af1084a15f56611fa'...
88 verbose git clone done.
89 info git [ 'checkout', '3d03ebbe49f8f963ef43c50af1084a15f56611fa' ]
90 verbose git checkout Note: checking out '3d03ebbe49f8f963ef43c50af1084a15f56611fa'.
90 verbose git checkout
90 verbose git checkout You are in 'detached HEAD' state. You can look around, make experimental
90 verbose git checkout changes and commit them, and you can discard any commits you make in this
90 verbose git checkout state without impacting any branches by performing another checkout.
90 verbose git checkout
90 verbose git checkout If you want to create a new branch to retain commits you create, you may
90 verbose git checkout do so (now or later) by using -b with the checkout command again. Example:
90 verbose git checkout
90 verbose git checkout   git checkout -b new_branch_name
90 verbose git checkout
90 verbose git checkout HEAD is now at 3d03ebb... Merge remote-tracking branch 'upstream/master'
91 verbose addLocalDirectory /Users/alexthomas/.npm/grunt-build-control/0.1.3/package.tgz not in flight; packing
92 verbose tar pack [ '/Users/alexthomas/.npm/grunt-build-control/0.1.3/package.tgz',
92 verbose tar pack   '/tmp/npm-1803-04fe39e9/git-cache-c0596477d991/3d03ebbe49f8f963ef43c50af1084a15f56611fa' ]
93 verbose tarball /Users/alexthomas/.npm/grunt-build-control/0.1.3/package.tgz
94 verbose folder /tmp/npm-1803-04fe39e9/git-cache-c0596477d991/3d03ebbe49f8f963ef43c50af1084a15f56611fa
95 verbose addLocalTarball adding from inside cache /Users/alexthomas/.npm/grunt-build-control/0.1.3/package.tgz
96 silly cache afterAdd grunt-build-control@0.1.3
97 verbose afterAdd /Users/alexthomas/.npm/grunt-build-control/0.1.3/package/package.json not in flight; writing
98 verbose afterAdd /Users/alexthomas/.npm/grunt-build-control/0.1.3/package/package.json written
99 silly install resolved [ { name: 'grunt-build-control',
99 silly install resolved     description: 'Automate version control tasks for your project\'s built code. Keep built code in sync with source code, maintain multiple branches of built code, commit with automatic messages, and push to remote repositories.',
99 silly install resolved     version: '0.1.3',
99 silly install resolved     homepage: 'https://github.com/robwierzbowski/grunt-build-control',
99 silly install resolved     author:
99 silly install resolved      { name: 'Rob Wierzbowski',
99 silly install resolved        email: 'hello@robwierzbowski.com',
99 silly install resolved        url: 'http://robwierzbowski' },
99 silly install resolved     repository:
99 silly install resolved      { type: 'git',
99 silly install resolved        url: 'git://github.com/robwierzbowski/grunt-build-control.git' },
99 silly install resolved     bugs: { url: 'https://github.com/robwierzbowski/grunt-build-control/issues' },
99 silly install resolved     licenses: [ [Object] ],
99 silly install resolved     main: 'Gruntfile.js',
99 silly install resolved     engines: { node: '>= 0.10.0' },
99 silly install resolved     scripts: { test: 'grunt test' },
99 silly install resolved     dependencies: { shelljs: '~0.2.6' },
99 silly install resolved     devDependencies:
99 silly install resolved      { 'grunt-contrib-jshint': '~0.1.1',
99 silly install resolved        'grunt-contrib-clean': '~0.4.0',
99 silly install resolved        'grunt-contrib-nodeunit': '~0.1.2',
99 silly install resolved        grunt: '~0.4.1' },
99 silly install resolved     peerDependencies: { grunt: '~0.4.1' },
99 silly install resolved     keywords: [ 'gruntplugin' ],
99 silly install resolved     gitHead: '3d03ebbe49f8f963ef43c50af1084a15f56611fa',
99 silly install resolved     readme: '# grunt-build-control\n\n> Version control built code.\n\n### HELP WRITE TESTS FOR THIS TASK\n\nFor continued development, this library needs test coverage. If you like writing tests and like this Grunt task, please take a look at [issue #19](https://github.com/robwierzbowski/grunt-build-control/issues/19) and consider helping with a pull request. Any assistance is appreciated.\n\n## Getting started\n\nThis plugin requires [Grunt](http://gruntjs.com/) `~0.4.0` and [Git](http://git-scm.com/) `> 1.8`.\n\nIf you haven\'t used [Grunt](http://gruntjs.com/) before, be sure to check out the [Getting Started](http://gruntjs.com/getting-started) guide which explains how to create a [Gruntfile](http://gruntjs.com/sample-gruntfile) as well as install and use Grunt plugins. Once you\'re familiar with Grunt you can install the plugin with the command:\n\n```shell\nnpm install grunt-build-control --save-dev\n```\n\nAfter the plugin has been installed, load it in your Gruntfile with:\n\n```js\ngrunt.loadNpmTasks(\'grunt-build-control\');\n```\n\n## buildcontrol task\n\n_Run this task with the `grunt buildcontrol` command._\n\nAutomate version control tasks for your project\'s built code. \n\nKeep built code in sync with source code, maintain multiple branches of built code, commit with automatic messages, and push to remote repositories.\n\n### Setup\n\nYour project must have a compile or build process that outputs code to a subdirectory of the main project.\n\nAdd the build directory to the main project\'s .gitignore, and make sure the build process doesn\'t delete .git directories inside the build directory. If you\'re using a [Yeoman](http://yeoman.io) generator these steps are taken care of for you already.\n\n### Options\n\n#### dir\n\nType: `String`  \nDefault: `dist`  \n\nThe directory that contains your built code.\n\n#### branch\n\nType: `String`  \nDefault: `dist`  \n\nThe branch to commit to.\n\n#### remote\n\nType: `String`  \nDefault: `../`  \n\nThe remote to push to. Common examples include a distribution repository (Heroku or Scalr), your main project\'s remote (gh-pages branch on Github), or the local project repository itself (`../`).\n\n#### commit\n\nType: `Boolean`  \nDefault: `false`  \n\nCommits built code to `branch`. A new commit is only created if the built code has changed.\n\n#### tag\n\nType: `Boolean` or `String`  \nDefault: `false`  \n\nIf set to a string, adds its value as a lightweight git tag to the local built repo. Try loading your project\'s package.json as a variable and tagging with `pkg.version`.\n\n#### push\n\nType: `Boolean`  \nDefault: `false`  \n\nPushes `branch` to `remote`. If `tag` is set, pushes the specified tag as well.\n\n#### message\n\nType: `String`  \nDefault: `Built %sourceName% from commit %sourceCommit% on branch %sourceBranch%  `\n\nThe commit message to use when committing. It must be a safe commit message for the command line, with special characters and double quotes escaped.\n\nYou can use the following tokens to print information about the main project:\n\n- `%sourceName%`: The main project\'s name, read from package.json or the project directory\n- `%sourceBranch%`: The main project\'s current branch\n- `%sourceCommit%`: The main project\'s most recent commit\n\n#### connectCommits\n\nType: `Boolean`  \nDefault: `true`  \n\nMake sure that every commit on the built code branch matches a commit on the main project branch. If the main project\'s working directory has uncommitted changes, a commit task will throw an error.\n\n### Usage\n\nA common use of grunt-build-control is to commit and push built code to the GitHub pages branch of the main repository, or to the master branch of a git-based deployment server like Heroku. \n\n```js\n// Project configuration.\nvar pkg = require(\'./package.json\');\n\ngrunt.initConfig({\n\n  // Various Grunt tasks...\n\n  buildcontrol: {\n    options: {\n      dir: \'dist\',\n      commit: true,\n      push: true,\n      message: \'Built %sourceName% from commit %sourceCommit% on branch %sourceBranch%\'\n    },\n    pages: {\n      options: {\n        remote: \'git@github.com:example_user/example_webapp.git\',\n        branch: \'gh-pages\'\n      }\n    },\n    heroku: {\n      options: {\n        remote: \'git@heroku.com:example-heroku-webapp-1988.git\',\n        branch: \'master\',\n        tag: pkg.version\n      }\n    },\n    local: {\n      options: {\n        remote: \'../\',\n        branch: \'build\'\n      }\n    }\n  }\n});\n\ngrunt.registerTask(\'build\', [\n  // Collection of tasks that build code to the \'dist\' directory...\n]);\n```\n\nIn this example a user is working on a Yeoman-based web app, with their project\'s source code hosted at `git@github.com:example_user/example_webapp.git`. To deploy they first run `grunt build` to build a minified, optimized version of their app into the \'dist\' directory. \n\nRunning `grunt buildcontrol:pages` commits the built code to the gh-pages branch of the \'dist/.git\' repository and pushes to the gh-pages branch of `git@github.com:example_user/example_webapp.git`. \n\nRunning `grunt buildcontrol:heroku` will commit the built code to the master branch of the \'dist/.git\' repository, tag the latest commit in \'dist/.git\' with the value of `pkg.version` if the tag doesn\'t already exist, and push refs and tags to the master branch of `git@heroku.com:example-heroku-webapp-1988.git`.\n\nRunning `grunt buildcontrol:local` will commit the built code to the build branch of the \'dist/.git\' repository and push to the build branch of the local source code repository. The local project repository can then be synced with a remote.\n\n#### Working with .gitignores\n\nYou may wish to commit files or directories that are ignored globally or in the source repository (e.g., bower_compontents), or make file inclusion and exclusion the responsibility of the build process alone.\n\nIn order to scope gitignore rules to the build directory only, create a file named \'gitignore\' in your source directory: \n\n```shell\n# Unignore everything\n!**/*\n\n# Re-ignore things\n...your ignore rules here\n```\n\nThen copy it to the build directory during your build process as \'.gitignore\'.\n\n#### Notes\n\nGrunt-build-control deploys to git endpoints. If you want to deploy to a private server [this tutorial by @curtisblackwell ](http://curtisblackwell.com/blog/my-deploy-method-brings-most-of-the-boys-to-the-yard) is a good place to start.\n\n`buildcontrol` will add commits on top of the existing history of the remote branch if available.\n\n`buildcontrol` is a synchronous task, and fetches from your remote before each commit or push. Depending on the location of your remote, the size of commits, and network speed it can be a long running task.\n\nIt\'s best to run `buildcontrol` manually after your build process or as the last step in a build and deploy task.\n\nIf a git conflict occurs (usually because another user has force-pushed to the deployment server) delete the built code directory and run build and build control again.\n\nDon\'t check out built code branches while in the main project directory. Differences in untracked files will cause issues.\n\n<!-- \n## Todo:\n\n- replace as many porcelain commands as possible with plumbing.\n- describe or list similar projects with limitations?  \n  https://npmjs.org/package/grunt-github-pages  \n  https://npmjs.org/package/grunt-git-dist  \n  https://npmjs.org/package/grunt-git-selective-deploy  \n\n-->\n \n## Contribute\n\nPost bugs and feature requests to the [Github issue tracker](https://github.com/robwierzbowski/grunt-build-control/issues). In lieu of a formal styleguide, take care to maintain the existing coding style. Lint and test your code using [Grunt](https://github.com/gruntjs/grunt).\n\n## Release History\n\n- 2013-11-29 v0.1.2: Add defaults for all properties.\n- 2013-10-19 v0.1.1: Stable initial release.\n\n## License\n\n[MIT](http://en.wikipedia.org/wiki/MIT_License)\n\n\n\n[![Bitdeli Badge](https://d2weczhvl823v0.cloudfront.net/robwierzbowski/grunt-build-control/trend.png)](https://bitdeli.com/free "Bitdeli Badge")\n\n',
99 silly install resolved     readmeFilename: 'README.md',
99 silly install resolved     _id: 'grunt-build-control@0.1.3',
99 silly install resolved     _shasum: '209cd3620acae512993ad88c5ae72fdf55108f9c',
99 silly install resolved     _from: '../../../tmp/npm-1803-04fe39e9/git-cache-c0596477d991/3d03ebbe49f8f963ef43c50af1084a15f56611fa',
99 silly install resolved     _resolved: 'git+https://github.com/DaftMonk/grunt-build-control#3d03ebbe49f8f963ef43c50af1084a15f56611fa' } ]
100 info install grunt-build-control@0.1.3 into /Users/alexthomas/EnglishClub
101 info installOne grunt-build-control@0.1.3
102 verbose installOne of grunt-build-control to /Users/alexthomas/EnglishClub not in flight; installing
103 verbose lock using /Users/alexthomas/.npm/_locks/grunt-build-control-91f91a806cff6a0d.lock for /Users/alexthomas/EnglishClub/node_modules/grunt-build-control
104 silly install write writing grunt-build-control 0.1.3 to /Users/alexthomas/EnglishClub/node_modules/grunt-build-control
105 silly cache addNamed cb grunt-build-control@0.1.3
106 verbose unbuild node_modules/grunt-build-control
107 info preuninstall grunt-build-control@0.1.3
108 info uninstall grunt-build-control@0.1.3
109 verbose unbuild rmStuff grunt-build-control@0.1.3 from /Users/alexthomas/EnglishClub/node_modules
110 info postuninstall grunt-build-control@0.1.3
111 verbose gentlyRm vacuuming /Users/alexthomas/EnglishClub/node_modules/grunt-build-control
112 silly gentlyRm purging /Users/alexthomas/EnglishClub/node_modules/grunt-build-control
113 silly gentlyRm quitting because other entries in /Users/alexthomas/EnglishClub/node_modules
114 verbose tar unpack /Users/alexthomas/.npm/grunt-build-control/0.1.3/package.tgz
115 verbose tar unpacking to /Users/alexthomas/EnglishClub/node_modules/grunt-build-control
116 verbose gentlyRm vacuuming /Users/alexthomas/EnglishClub/node_modules/grunt-build-control
117 silly gunzTarPerm modes [ '755', '644' ]
118 silly gunzTarPerm extractEntry package.json
119 silly gunzTarPerm extractEntry .npmignore
120 silly gunzTarPerm extractEntry README.md
121 silly gunzTarPerm extractEntry LICENSE
122 silly gunzTarPerm extractEntry Gruntfile.js
123 silly gunzTarPerm extractEntry .jshintrc
124 silly gunzTarPerm extractEntry tasks/build_control.js
125 silly gunzTarPerm extractEntry test/build_control_test.js
126 silly gunzTarPerm extractEntry test/expected/custom_options
127 silly gunzTarPerm extractEntry test/expected/default_options
128 silly gunzTarPerm extractEntry test/fixtures/123
129 silly gunzTarPerm extractEntry test/fixtures/testing
130 info preinstall grunt-build-control@0.1.3
131 silly prepareForInstallMany adding shelljs@~0.2.6 from grunt-build-control dependencies
132 silly cache add args [ 'shelljs@~0.2.6', null ]
133 verbose cache add spec shelljs@~0.2.6
134 silly cache add parsed spec { raw: 'shelljs@~0.2.6',
134 silly cache add   scope: null,
134 silly cache add   name: 'shelljs',
134 silly cache add   rawSpec: '~0.2.6',
134 silly cache add   spec: '>=0.2.6 <0.3.0',
134 silly cache add   type: 'range' }
135 verbose addNamed shelljs@>=0.2.6 <0.3.0
136 silly addNamed semver.valid null
137 silly addNamed semver.validRange >=0.2.6 <0.3.0
138 silly addNameRange { name: 'shelljs', range: '>=0.2.6 <0.3.0', hasData: false }
139 silly mapToRegistry name shelljs
140 silly mapToRegistry using default registry
141 silly mapToRegistry registry https://registry.npmjs.org/
142 silly mapToRegistry uri https://registry.npmjs.org/shelljs
143 verbose addNameRange registry:https://registry.npmjs.org/shelljs not in flight; fetching
144 verbose request uri https://registry.npmjs.org/shelljs
145 verbose request no auth needed
146 info attempt registry request try #1 at 11:50:27 AM
147 verbose request id 7bc37f50f280aaee
148 verbose etag "2FHKL7WZEJD7D1XJJ26XEHV2N"
149 http request GET https://registry.npmjs.org/shelljs
150 http 304 https://registry.npmjs.org/shelljs
151 silly get cb [ 304,
151 silly get   { date: 'Sun, 22 Mar 2015 17:50:27 GMT',
151 silly get     server: 'Apache',
151 silly get     via: '1.1 varnish',
151 silly get     'last-modified': 'Sun, 22 Mar 2015 17:50:27 GMT',
151 silly get     'cache-control': 'max-age=60',
151 silly get     etag: '"2FHKL7WZEJD7D1XJJ26XEHV2N"',
151 silly get     age: '27',
151 silly get     'x-served-by': 'cache-sjc3124-SJC',
151 silly get     'x-cache': 'HIT',
151 silly get     'x-cache-hits': '1',
151 silly get     'x-timer': 'S1427046627.454731,VS0,VE0',
151 silly get     vary: 'Accept',
151 silly get     'content-length': '0',
151 silly get     'keep-alive': 'timeout=10, max=50',
151 silly get     connection: 'Keep-Alive' } ]
152 verbose etag https://registry.npmjs.org/shelljs from cache
153 verbose get saving shelljs to /Users/alexthomas/.npm/registry.npmjs.org/shelljs/.cache.json
154 silly addNameRange number 2 { name: 'shelljs', range: '>=0.2.6 <0.3.0', hasData: true }
155 silly addNameRange versions [ 'shelljs',
155 silly addNameRange   [ '0.0.1',
155 silly addNameRange     '0.0.2',
155 silly addNameRange     '0.0.3',
155 silly addNameRange     '0.0.4',
155 silly addNameRange     '0.0.5',
155 silly addNameRange     '0.0.6',
155 silly addNameRange     '0.0.7',
155 silly addNameRange     '0.0.8',
155 silly addNameRange     '0.0.9',
155 silly addNameRange     '0.1.0',
155 silly addNameRange     '0.1.1',
155 silly addNameRange     '0.1.2',
155 silly addNameRange     '0.1.3',
155 silly addNameRange     '0.1.4',
155 silly addNameRange     '0.2.0',
155 silly addNameRange     '0.2.1',
155 silly addNameRange     '0.2.2',
155 silly addNameRange     '0.2.3',
155 silly addNameRange     '0.2.4',
155 silly addNameRange     '0.2.5',
155 silly addNameRange     '0.2.6',
155 silly addNameRange     '0.3.0',
155 silly addNameRange     '0.4.0',
155 silly addNameRange     '0.0.1-alpha1',
155 silly addNameRange     '0.0.2-pre1',
155 silly addNameRange     '0.0.4-pre1',
155 silly addNameRange     '0.0.5-pre1',
155 silly addNameRange     '0.0.5-pre2',
155 silly addNameRange     '0.0.5-pre3',
155 silly addNameRange     '0.0.5-pre4',
155 silly addNameRange     '0.0.6-pre1',
155 silly addNameRange     '0.0.6-pre2' ] ]
156 verbose addNamed shelljs@0.2.6
157 silly addNamed semver.valid 0.2.6
158 silly addNamed semver.validRange 0.2.6
159 silly cache afterAdd shelljs@0.2.6
160 verbose afterAdd /Users/alexthomas/.npm/shelljs/0.2.6/package/package.json not in flight; writing
161 verbose afterAdd /Users/alexthomas/.npm/shelljs/0.2.6/package/package.json written
162 silly install resolved [ { name: 'shelljs',
162 silly install resolved     version: '0.2.6',
162 silly install resolved     author: { name: 'Artur Adib', email: 'aadib@mozilla.com' },
162 silly install resolved     description: 'Portable Unix shell commands for Node.js',
162 silly install resolved     keywords: [ 'unix', 'shell', 'makefile', 'make', 'jake', 'synchronous' ],
162 silly install resolved     repository: { type: 'git', url: 'git://github.com/arturadib/shelljs.git' },
162 silly install resolved     homepage: 'http://github.com/arturadib/shelljs',
162 silly install resolved     main: './shell.js',
162 silly install resolved     scripts: { test: 'node scripts/run-tests' },
162 silly install resolved     bin: { shjs: './bin/shjs' },
162 silly install resolved     dependencies: {},
162 silly install resolved     devDependencies: { jshint: '~2.1.11' },
162 silly install resolved     optionalDependencies: {},
162 silly install resolved     engines: { node: '>=0.8.0' },
162 silly install resolved     bugs: { url: 'https://github.com/arturadib/shelljs/issues' },
162 silly install resolved     _id: 'shelljs@0.2.6',
162 silly install resolved     dist:
162 silly install resolved      { shasum: '90492d72ffcc8159976baba62fb0f6884f0c3378',
162 silly install resolved        tarball: 'http://registry.npmjs.org/shelljs/-/shelljs-0.2.6.tgz' },
162 silly install resolved     _from: 'shelljs@>=0.2.6 <0.3.0',
162 silly install resolved     _npmVersion: '1.3.8',
162 silly install resolved     _npmUser: { name: 'artur', email: 'arturadib@gmail.com' },
162 silly install resolved     maintainers: [ [Object] ],
162 silly install resolved     directories: {},
162 silly install resolved     _shasum: '90492d72ffcc8159976baba62fb0f6884f0c3378',
162 silly install resolved     _resolved: 'https://registry.npmjs.org/shelljs/-/shelljs-0.2.6.tgz',
162 silly install resolved     readme: 'ERROR: No README data found!' } ]
163 info install shelljs@0.2.6 into /Users/alexthomas/EnglishClub/node_modules/grunt-build-control
164 info installOne shelljs@0.2.6
165 verbose installOne of shelljs to /Users/alexthomas/EnglishClub/node_modules/grunt-build-control not in flight; installing
166 verbose lock using /Users/alexthomas/.npm/_locks/shelljs-bc2f6cc168bad2cc.lock for /Users/alexthomas/EnglishClub/node_modules/grunt-build-control/node_modules/shelljs
167 silly install write writing shelljs 0.2.6 to /Users/alexthomas/EnglishClub/node_modules/grunt-build-control/node_modules/shelljs
168 silly cache addNamed cb shelljs@0.2.6
169 verbose unbuild node_modules/grunt-build-control/node_modules/shelljs
170 verbose gentlyRm vacuuming /Users/alexthomas/EnglishClub/node_modules/grunt-build-control/node_modules/shelljs
171 verbose tar unpack /Users/alexthomas/.npm/shelljs/0.2.6/package.tgz
172 verbose tar unpacking to /Users/alexthomas/EnglishClub/node_modules/grunt-build-control/node_modules/shelljs
173 verbose gentlyRm vacuuming /Users/alexthomas/EnglishClub/node_modules/grunt-build-control/node_modules/shelljs
174 silly gunzTarPerm modes [ '755', '644' ]
175 silly gunzTarPerm extractEntry package.json
176 silly gunzTarPerm extractEntry .npmignore
177 silly gunzTarPerm extractEntry README.md
178 silly gunzTarPerm extractEntry LICENSE
179 silly gunzTarPerm extractEntry global.js
180 silly gunzTarPerm extractEntry make.js
181 silly gunzTarPerm extractEntry shell.js
182 silly gunzTarPerm extractEntry bin/shjs
183 silly gunzTarPerm extractEntry .travis.yml
184 silly gunzTarPerm extractEntry .jshintrc
185 silly gunzTarPerm extractEntry scripts/generate-docs.js
186 silly gunzTarPerm extractEntry scripts/run-tests.js
187 silly gunzTarPerm extractEntry .documentup.json
188 silly gunzTarPerm extractEntry src/cat.js
189 silly gunzTarPerm extractEntry src/exec.js
190 silly gunzTarPerm extractEntry src/find.js
191 silly gunzTarPerm extractEntry src/grep.js
192 silly gunzTarPerm extractEntry src/ls.js
193 silly gunzTarPerm extractEntry src/error.js
194 silly gunzTarPerm extractEntry src/mv.js
195 silly gunzTarPerm extractEntry src/popd.js
196 silly gunzTarPerm extractEntry src/pushd.js
197 silly gunzTarPerm extractEntry src/pwd.js
198 silly gunzTarPerm extractEntry src/rm.js
199 silly gunzTarPerm extractEntry src/echo.js
200 silly gunzTarPerm extractEntry src/sed.js
201 silly gunzTarPerm extractEntry src/dirs.js
202 silly gunzTarPerm extractEntry src/tempdir.js
203 silly gunzTarPerm extractEntry src/cp.js
204 silly gunzTarPerm extractEntry src/test.js
205 silly gunzTarPerm extractEntry src/common.js
206 silly gunzTarPerm extractEntry src/to.js
207 silly gunzTarPerm extractEntry src/chmod.js
208 silly gunzTarPerm extractEntry src/toEnd.js
209 silly gunzTarPerm extractEntry src/cd.js
210 silly gunzTarPerm extractEntry src/which.js
211 silly gunzTarPerm extractEntry src/mkdir.js
212 info preinstall shelljs@0.2.6
213 silly install resolved []
214 verbose about to build /Users/alexthomas/EnglishClub/node_modules/grunt-build-control/node_modules/shelljs
215 info build /Users/alexthomas/EnglishClub/node_modules/grunt-build-control/node_modules/shelljs
216 verbose linkStuff [ false,
216 verbose linkStuff   false,
216 verbose linkStuff   false,
216 verbose linkStuff   '/Users/alexthomas/EnglishClub/node_modules/grunt-build-control/node_modules' ]
217 info linkStuff shelljs@0.2.6
218 verbose linkBins shelljs@0.2.6
219 verbose link bins [ { shjs: './bin/shjs' },
219 verbose link bins   '/Users/alexthomas/EnglishClub/node_modules/grunt-build-control/node_modules/.bin',
219 verbose link bins   false ]
220 verbose linkMans shelljs@0.2.6
221 verbose rebuildBundles shelljs@0.2.6
222 verbose gentlyRm vacuuming /Users/alexthomas/EnglishClub/node_modules/grunt-build-control/node_modules/.bin/shjs
223 info install shelljs@0.2.6
224 info postinstall shelljs@0.2.6
225 verbose unlock done using /Users/alexthomas/.npm/_locks/shelljs-bc2f6cc168bad2cc.lock for /Users/alexthomas/EnglishClub/node_modules/grunt-build-control/node_modules/shelljs
226 verbose about to build /Users/alexthomas/EnglishClub/node_modules/grunt-build-control
227 info build /Users/alexthomas/EnglishClub/node_modules/grunt-build-control
228 verbose linkStuff [ false,
228 verbose linkStuff   false,
228 verbose linkStuff   false,
228 verbose linkStuff   '/Users/alexthomas/EnglishClub/node_modules' ]
229 info linkStuff grunt-build-control@0.1.3
230 verbose linkBins grunt-build-control@0.1.3
231 verbose linkMans grunt-build-control@0.1.3
232 verbose rebuildBundles grunt-build-control@0.1.3
233 verbose rebuildBundles [ '.bin', 'shelljs' ]
234 info install grunt-build-control@0.1.3
235 info postinstall grunt-build-control@0.1.3
236 verbose unlock done using /Users/alexthomas/.npm/_locks/grunt-build-control-91f91a806cff6a0d.lock for /Users/alexthomas/EnglishClub/node_modules/grunt-build-control
237 info build /Users/alexthomas/EnglishClub
238 verbose linkStuff [ false, false, false, '/Users/alexthomas' ]
239 info linkStuff english-club@0.0.0
240 verbose linkBins english-club@0.0.0
241 verbose linkMans english-club@0.0.0
242 verbose rebuildBundles english-club@0.0.0
243 verbose rebuildBundles [ '.bin',
243 verbose rebuildBundles   'body-parser',
243 verbose rebuildBundles   'composable-middleware',
243 verbose rebuildBundles   'compression',
243 verbose rebuildBundles   'connect-livereload',
243 verbose rebuildBundles   'connect-mongo',
243 verbose rebuildBundles   'cookie-parser',
243 verbose rebuildBundles   'ejs',
243 verbose rebuildBundles   'errorhandler',
243 verbose rebuildBundles   'express',
243 verbose rebuildBundles   'express-session',
243 verbose rebuildBundles   'grunt',
243 verbose rebuildBundles   'grunt-angular-templates',
243 verbose rebuildBundles   'grunt-asset-injector',
243 verbose rebuildBundles   'grunt-autoprefixer',
243 verbose rebuildBundles   'grunt-build-control',
243 verbose rebuildBundles   'grunt-concurrent',
243 verbose rebuildBundles   'grunt-contrib-clean',
243 verbose rebuildBundles   'grunt-contrib-concat',
243 verbose rebuildBundles   'grunt-contrib-copy',
243 verbose rebuildBundles   'grunt-contrib-cssmin',
243 verbose rebuildBundles   'grunt-contrib-htmlmin',
243 verbose rebuildBundles   'grunt-contrib-imagemin',
243 verbose rebuildBundles   'grunt-contrib-jshint',
243 verbose rebuildBundles   'grunt-contrib-uglify',
243 verbose rebuildBundles   'grunt-contrib-watch',
243 verbose rebuildBundles   'grunt-dom-munger',
243 verbose rebuildBundles   'grunt-env',
243 verbose rebuildBundles   'grunt-express-server',
243 verbose rebuildBundles   'grunt-google-cdn',
243 verbose rebuildBundles   'grunt-karma',
243 verbose rebuildBundles   'grunt-mocha-test',
243 verbose rebuildBundles   'grunt-newer',
243 verbose rebuildBundles   'grunt-ng-annotate',
243 verbose rebuildBundles   'grunt-node-inspector',
243 verbose rebuildBundles   'grunt-nodemon',
243 verbose rebuildBundles   'grunt-open',
243 verbose rebuildBundles   'grunt-protractor-runner',
243 verbose rebuildBundles   'grunt-rev',
243 verbose rebuildBundles   'grunt-svgmin',
243 verbose rebuildBundles   'grunt-usemin',
243 verbose rebuildBundles   'grunt-wiredep',
243 verbose rebuildBundles   'jit-grunt',
243 verbose rebuildBundles   'jshint-stylish',
243 verbose rebuildBundles   'karma',
243 verbose rebuildBundles   'karma-chrome-launcher',
243 verbose rebuildBundles   'karma-coffee-preprocessor',
243 verbose rebuildBundles   'karma-firefox-launcher',
243 verbose rebuildBundles   'karma-html2js-preprocessor',
243 verbose rebuildBundles   'karma-jade-preprocessor',
243 verbose rebuildBundles   'karma-jasmine',
243 verbose rebuildBundles   'karma-ng-html2js-preprocessor',
243 verbose rebuildBundles   'karma-ng-jade2js-preprocessor',
243 verbose rebuildBundles   'karma-ng-scenario',
243 verbose rebuildBundles   'karma-phantomjs-launcher',
243 verbose rebuildBundles   'karma-requirejs',
243 verbose rebuildBundles   'karma-script-launcher',
243 verbose rebuildBundles   'lodash',
243 verbose rebuildBundles   'method-override',
243 verbose rebuildBundles   'mongoose',
243 verbose rebuildBundles   'morgan',
243 verbose rebuildBundles   'open',
243 verbose rebuildBundles   'requirejs',
243 verbose rebuildBundles   'serve-favicon',
243 verbose rebuildBundles   'should',
243 verbose rebuildBundles   'supertest',
243 verbose rebuildBundles   'time-grunt',
243 verbose rebuildBundles   'yo' ]
244 verbose rebuild bundle /Users/alexthomas/EnglishClub/node_modules/yo
245 info build /Users/alexthomas/EnglishClub/node_modules/yo
246 info preinstall yo@1.4.6
247 verbose linkStuff [ false,
247 verbose linkStuff   false,
247 verbose linkStuff   false,
247 verbose linkStuff   '/Users/alexthomas/EnglishClub/node_modules' ]
248 info linkStuff yo@1.4.6
249 warn prefer global yo@1.4.6 should be installed with -g
250 verbose linkBins yo@1.4.6
251 verbose link bins [ { yo: 'lib/cli.js' },
251 verbose link bins   '/Users/alexthomas/EnglishClub/node_modules/.bin',
251 verbose link bins   false ]
252 verbose linkMans yo@1.4.6
253 verbose rebuildBundles yo@1.4.6
254 verbose rebuildBundles [ 'inquirer',
254 verbose rebuildBundles   'insight',
254 verbose rebuildBundles   'lodash',
254 verbose rebuildBundles   'meow',
254 verbose rebuildBundles   'npm-keyword',
254 verbose rebuildBundles   'opn',
254 verbose rebuildBundles   'package-json',
254 verbose rebuildBundles   'root-check',
254 verbose rebuildBundles   'sort-on',
254 verbose rebuildBundles   'string-length',
254 verbose rebuildBundles   'titleize',
254 verbose rebuildBundles   'update-notifier',
254 verbose rebuildBundles   'user-home',
254 verbose rebuildBundles   'yeoman-character',
254 verbose rebuildBundles   'yeoman-doctor',
254 verbose rebuildBundles   'yeoman-environment',
254 verbose rebuildBundles   'yosay' ]
255 verbose stack Error: ENOENT, chmod '/Users/alexthomas/EnglishClub/node_modules/yo/lib/cli.js'
255 verbose stack     at Error (native)
256 verbose cwd /Users/alexthomas/EnglishClub
257 error Darwin 14.1.0
258 error argv "node" "/usr/local/bin/npm" "install"
259 error node v0.12.0
260 error npm  v2.5.1
261 error path /Users/alexthomas/EnglishClub/node_modules/yo/lib/cli.js
262 error code ENOENT
263 error errno -2
264 error enoent ENOENT, chmod '/Users/alexthomas/EnglishClub/node_modules/yo/lib/cli.js'
264 error enoent This is most likely not a problem with npm itself
264 error enoent and is related to npm not being able to find a file.
265 verbose exit [ -2, true ]
